TN:
SF:D:\Web Development\software-testing\fareutil.js
FN:9,calcFare
FNF:1
FNH:1
FNDA:3,calcFare
DA:1,1
DA:11,3
DA:12,3
DA:13,3
DA:14,3
DA:17,1
LF:6
LH:6
BRDA:12,0,0,2
BRDA:12,0,1,1
BRDA:13,1,0,1
BRDA:13,1,1,2
BRF:4
BRH:4
end_of_record
TN:
SF:D:\Web Development\software-testing\server.js
FN:11,(anonymous_0)
FN:19,(anonymous_1)
FNF:2
FNH:1
FNDA:0,(anonymous_0)
FNDA:1,(anonymous_1)
DA:1,1
DA:2,1
DA:3,1
DA:5,1
DA:7,1
DA:8,1
DA:9,1
DA:11,1
DA:12,0
DA:13,0
DA:15,0
DA:16,0
DA:19,1
DA:20,1
DA:22,1
LF:15
LH:11
BRF:0
BRH:0
end_of_record
